<?xml version="1.0" encoding="UTF-8"?>
<!-- Generated by org.testng.reporters.JUnitReportReporter -->
<testsuite hostname="Nav" failures="0" tests="1" name="com.naveenautomation.Tests.AccountLogoutTest" time="8.647" errors="0" timestamp="2022-12-28T13:41:33 EST" skipped="0">
  <testcase classname="com.naveenautomation.Tests.AccountLogoutTest" name="verifyUserIsAbleToLogout" time="8.647"/>
  <system-out/>
</testsuite> <!-- com.naveenautomation.Tests.AccountLogoutTest -->
