<?xml version="1.0" encoding="UTF-8"?>
<!-- Generated by org.testng.reporters.JUnitReportReporter -->
<testsuite hostname="Nav" failures="0" tests="1" name="com.naveenautomation.Tests.AccountLoginTest" time="7.604" errors="0" timestamp="2022-12-28T13:19:39 EST" skipped="0">
  <testcase classname="com.naveenautomation.Tests.AccountLoginTest" name="verifyLogin" time="7.604"/>
  <system-out/>
</testsuite> <!-- com.naveenautomation.Tests.AccountLoginTest -->
