<?xml version="1.0" encoding="UTF-8"?>
<!-- Generated by org.testng.reporters.JUnitReportReporter -->
<testsuite hostname="Nav" failures="0" tests="1" name="com.naveenautomation.Tests.MyAccountTest" time="8.881" errors="0" timestamp="2022-12-28T13:48:46 EST" skipped="0">
  <testcase classname="com.naveenautomation.Tests.MyAccountTest" name="verifyUserIsAbleToUpdatePhoneNumber" time="8.881"/>
  <system-out/>
</testsuite> <!-- com.naveenautomation.Tests.MyAccountTest -->
