<?xml version="1.0" encoding="UTF-8"?>
<!-- Generated by org.testng.reporters.JUnitReportReporter -->
<testsuite hostname="Nav" failures="0" tests="1" name="com.naveenautomation.Tests.AccountCreatedTest" time="8.777" errors="0" timestamp="2022-12-27T17:49:55 EST" skipped="0">
  <testcase classname="com.naveenautomation.Tests.AccountCreatedTest" name="verifyUserIsAbleToSignUpSuccesfully" time="8.777"/>
  <system-out/>
</testsuite> <!-- com.naveenautomation.Tests.AccountCreatedTest -->
